e:\clionprojects\isimplify\isimp\release\isimp.pdb
e:\clionprojects\isimplify\isimp\release\vsaproxy.obj
e:\clionprojects\isimplify\isimp\release\vsamesher.obj
e:\clionprojects\isimplify\isimp\release\vsaface.obj
e:\clionprojects\isimplify\isimp\release\vsa.obj
e:\clionprojects\isimplify\isimp\release\polymodifiernode.obj
e:\clionprojects\isimplify\isimp\release\polymodifierfty.obj
e:\clionprojects\isimplify\isimp\release\polymodifiercmd.obj
e:\clionprojects\isimplify\isimp\release\isimpnode.obj
e:\clionprojects\isimplify\isimp\release\isimpmain.obj
e:\clionprojects\isimplify\isimp\release\isimpftyaction.obj
e:\clionprojects\isimplify\isimp\release\isimpfty.obj
e:\clionprojects\isimplify\isimp\release\isimpcmd.obj
e:\clionprojects\isimplify\isimp\release\isimp.lib
e:\clionprojects\isimplify\isimp\release\isimp.exp
e:\clionprojects\isimplify\isimp\release\isimp.mll
e:\clionprojects\isimplify\isimp\release\isimp.tlog\cl.command.1.tlog
e:\clionprojects\isimplify\isimp\release\isimp.tlog\cl.read.1.tlog
e:\clionprojects\isimplify\isimp\release\isimp.tlog\cl.write.1.tlog
e:\clionprojects\isimplify\isimp\release\isimp.tlog\isimp.write.1u.tlog
e:\clionprojects\isimplify\isimp\release\isimp.tlog\link.command.1.tlog
e:\clionprojects\isimplify\isimp\release\isimp.tlog\link.read.1.tlog
e:\clionprojects\isimplify\isimp\release\isimp.tlog\link.write.1.tlog
